<?xml version="1.0" encoding="UTF-8"?>
<!-- Generated by org.testng.reporters.JUnitReportReporter -->
<testsuite hostname="DESKTOP-6NQ8E1M" failures="2" tests="3" name="com.stepcampus.automation.tests.runners.TestRunner" time="34.205" errors="0" timestamp="2025-06-25T23:42:51 IST" skipped="0">
  <testcase classname="com.stepcampus.automation.tests.runners.TestRunner" name="runScenario" time="10.970">
    <failure type="java.lang.AssertionError">
      <![CDATA[java.lang.AssertionError
at org.junit.Assert.fail(Assert.java:87)
at org.junit.Assert.assertTrue(Assert.java:42)
at org.junit.Assert.assertTrue(Assert.java:53)
at com.stepcampus.automation.tests.stepdefs.LoginSteps.user_should_land_on_home_page(LoginSteps.java:28)
at ✽.User should land on Home Page(classpath:features/login.feature:6)
]]>
    </failure>
  </testcase> <!-- runScenario -->
  <testcase classname="com.stepcampus.automation.tests.runners.TestRunner" name="runScenario" time="10.949">
    <failure type="java.lang.AssertionError">
      <![CDATA[java.lang.AssertionError
at org.junit.Assert.fail(Assert.java:87)
at org.junit.Assert.assertTrue(Assert.java:42)
at org.junit.Assert.assertTrue(Assert.java:53)
at com.stepcampus.automation.tests.stepdefs.LoginSteps.user_should_land_on_home_page(LoginSteps.java:28)
at ✽.User should land on Home Page(classpath:features/login.feature:6)
]]>
    </failure>
  </testcase> <!-- runScenario -->
  <testcase classname="com.stepcampus.automation.tests.runners.TestRunner" name="runScenario" time="12.286"/>
</testsuite> <!-- com.stepcampus.automation.tests.runners.TestRunner -->
